2024-03-12T15:58:02.436+01:00  INFO 1196 --- [restartedMain] c.l.demologging.DemologgingApplication   : Starting DemologgingApplication using Java 21.0.2 with PID 1196 (C:\Users\oem\Desktop\spring\demologging\target\classes started by oem in C:\Users\oem\Desktop\spring\demologging)
2024-03-12T15:58:02.450+01:00  INFO 1196 --- [restartedMain] c.l.demologging.DemologgingApplication   : No active profile set, falling back to 1 default profile: "default"
2024-03-12T15:58:02.496+01:00  INFO 1196 --- [restartedMain] .e.DevToolsPropertyDefaultsPostProcessor : Devtools property defaults active! Set 'spring.devtools.add-properties' to 'false' to disable
2024-03-12T15:58:02.497+01:00  INFO 1196 --- [restartedMain] .e.DevToolsPropertyDefaultsPostProcessor : For additional web related logging consider setting the 'logging.level.web' property to 'DEBUG'
2024-03-12T15:58:03.515+01:00  INFO 1196 --- [restartedMain] o.s.b.w.embedded.tomcat.TomcatWebServer  : Tomcat initialized with port 8080 (http)
2024-03-12T15:58:03.527+01:00  INFO 1196 --- [restartedMain] o.apache.catalina.core.StandardService   : Starting service [Tomcat]
2024-03-12T15:58:03.527+01:00  INFO 1196 --- [restartedMain] o.apache.catalina.core.StandardEngine    : Starting Servlet engine: [Apache Tomcat/10.1.19]
2024-03-12T15:58:03.571+01:00  INFO 1196 --- [restartedMain] o.a.c.c.C.[Tomcat].[localhost].[/]       : Initializing Spring embedded WebApplicationContext
2024-03-12T15:58:03.571+01:00  INFO 1196 --- [restartedMain] w.s.c.ServletWebServerApplicationContext : Root WebApplicationContext: initialization completed in 1074 ms
2024-03-12T15:58:03.890+01:00  INFO 1196 --- [restartedMain] o.s.b.d.a.OptionalLiveReloadServer       : LiveReload server is running on port 35729
2024-03-12T15:58:03.921+01:00  INFO 1196 --- [restartedMain] o.s.b.w.embedded.tomcat.TomcatWebServer  : Tomcat started on port 8080 (http) with context path ''
2024-03-12T15:58:03.929+01:00  INFO 1196 --- [restartedMain] c.l.demologging.DemologgingApplication   : Started DemologgingApplication in 1.894 seconds (process running for 2.326)
2024-03-12T15:58:10.779+01:00  INFO 1196 --- [http-nio-8080-exec-2] o.a.c.c.C.[Tomcat].[localhost].[/]       : Initializing Spring DispatcherServlet 'dispatcherServlet'
2024-03-12T15:58:10.780+01:00  INFO 1196 --- [http-nio-8080-exec-2] o.s.web.servlet.DispatcherServlet        : Initializing Servlet 'dispatcherServlet'
2024-03-12T15:58:10.781+01:00  INFO 1196 --- [http-nio-8080-exec-2] o.s.web.servlet.DispatcherServlet        : Completed initialization in 1 ms
2024-03-12T16:00:34.778+01:00  INFO 12084 --- [restartedMain] c.l.demologging.DemologgingApplication   : Starting DemologgingApplication using Java 21.0.2 with PID 12084 (C:\Users\oem\Desktop\spring\demologging\target\classes started by oem in C:\Users\oem\Desktop\spring\demologging)
2024-03-12T16:00:34.780+01:00  INFO 12084 --- [restartedMain] c.l.demologging.DemologgingApplication   : No active profile set, falling back to 1 default profile: "default"
2024-03-12T16:00:34.829+01:00  INFO 12084 --- [restartedMain] .e.DevToolsPropertyDefaultsPostProcessor : Devtools property defaults active! Set 'spring.devtools.add-properties' to 'false' to disable
2024-03-12T16:00:34.830+01:00  INFO 12084 --- [restartedMain] .e.DevToolsPropertyDefaultsPostProcessor : For additional web related logging consider setting the 'logging.level.web' property to 'DEBUG'
2024-03-12T16:00:35.835+01:00  INFO 12084 --- [restartedMain] o.s.b.w.embedded.tomcat.TomcatWebServer  : Tomcat initialized with port 8080 (http)
2024-03-12T16:00:35.849+01:00  INFO 12084 --- [restartedMain] o.apache.catalina.core.StandardService   : Starting service [Tomcat]
2024-03-12T16:00:35.849+01:00  INFO 12084 --- [restartedMain] o.apache.catalina.core.StandardEngine    : Starting Servlet engine: [Apache Tomcat/10.1.19]
2024-03-12T16:00:35.892+01:00  INFO 12084 --- [restartedMain] o.a.c.c.C.[Tomcat].[localhost].[/]       : Initializing Spring embedded WebApplicationContext
2024-03-12T16:00:35.893+01:00  INFO 12084 --- [restartedMain] w.s.c.ServletWebServerApplicationContext : Root WebApplicationContext: initialization completed in 1062 ms
2024-03-12T16:00:36.285+01:00  INFO 12084 --- [restartedMain] o.s.b.d.a.OptionalLiveReloadServer       : LiveReload server is running on port 35729
2024-03-12T16:00:36.315+01:00  INFO 12084 --- [restartedMain] o.s.b.w.embedded.tomcat.TomcatWebServer  : Tomcat started on port 8080 (http) with context path ''
2024-03-12T16:00:36.323+01:00  INFO 12084 --- [restartedMain] c.l.demologging.DemologgingApplication   : Started DemologgingApplication in 1.918 seconds (process running for 2.316)
2024-03-12T16:00:52.313+01:00  INFO 12084 --- [http-nio-8080-exec-1] o.a.c.c.C.[Tomcat].[localhost].[/]       : Initializing Spring DispatcherServlet 'dispatcherServlet'
2024-03-12T16:00:52.314+01:00  INFO 12084 --- [http-nio-8080-exec-1] o.s.web.servlet.DispatcherServlet        : Initializing Servlet 'dispatcherServlet'
2024-03-12T16:00:52.314+01:00  INFO 12084 --- [http-nio-8080-exec-1] o.s.web.servlet.DispatcherServlet        : Completed initialization in 0 ms
